<?xml version="1.0" encoding="UTF-8" ?>
<testsuite tests="20" failures="0" name="com.main.TestLongestWord" time="0.006" errors="0" skipped="0">
  <properties>
[...]
</properties>
  <testcase classname="com.main.TestLongestWord" name="tabAndLetterTest" time="0.003"/>
  <testcase classname="com.main.TestLongestWord" name="nullTest" time="0"/>
  <testcase classname="com.main.TestLongestWord" name="singleNumberTest" time="0"/>
  <testcase classname="com.main.TestLongestWord" name="tabTest" time="0"/>
  <testcase classname="com.main.TestLongestWord" name="emptyTest" time="0"/>
  <testcase classname="com.main.TestLongestWord" name="specialCharTest" time="0"/>
  <testcase classname="com.main.TestLongestWord" name="oneWordPunctuationTest" time="0.001"/>
  <testcase classname="com.main.TestLongestWord" name="providedTest" time="0"/>
  <testcase classname="com.main.TestLongestWord" name="numberTest" time="0"/>
  <testcase classname="com.main.TestLongestWord" name="emailAddressTest" time="0"/>
  <testcase classname="com.main.TestLongestWord" name="multipleUnderscoreTest" time="0"/>
  <testcase classname="com.main.TestLongestWord" name="sentenceWithMultiplePunctuationEndTest" time="0"/>
  <testcase classname="com.main.TestLongestWord" name="oneWordTest" time="0"/>
  <testcase classname="com.main.TestLongestWord" name="numbersAndWordsTest" time="0"/>
  <testcase classname="com.main.TestLongestWord" name="caseInsensitiveTest" time="0"/>
  <testcase classname="com.main.TestLongestWord" name="oneLetterTest" time="0.001"/>
  <testcase classname="com.main.TestLongestWord" name="singleUnderscoreTest" time="0"/>
  <testcase classname="com.main.TestLongestWord" name="noSpacesTest" time="0.001"/>
  <testcase classname="com.main.TestLongestWord" name="punctuationInMiddleTest" time="0"/>
  <testcase classname="com.main.TestLongestWord" name="beginningWordPunctuationTest" time="0"/>
</testsuite>